# JRE version: Java(TM) SE Runtime Environment (21.0+35) (build 21+35-LTS-2513)
# Java VM: Java HotSpot(TM) 64-Bit Server VM (21+35-LTS-2513, mixed mode, sharing, tiered, compressed oops, compressed class ptrs, g1 gc, windows-amd64)
GC Precious Log:
 CardTable entry size: 512
 Card Set container configuration: InlinePtr #cards 5 size 8 Array Of Cards #cards 12 size 40 Howl #buckets 4 coarsen threshold 1843 Howl Bitmap #cards 512 size 80 coarsen threshold 460 Card regions per heap region 1 cards per card region 2048
 CPUs: 4 total, 4 available
 Memory: 8025M
 Large Page Support: Disabled
 NUMA Support: Disabled
 Compressed Oops: Enabled (32-bit)
 Heap Region Size: 1M
 Heap Min Capacity: 8M
 Heap Initial Capacity: 126M
 Heap Max Capacity: 2008M
 Pre-touch: Disabled
 Parallel Workers: 4
 Concurrent Workers: 1
 Concurrent Refinement Workers: 4
 Periodic GC: Disabled
Heap:
 garbage-first heap   total 91136K, used 54003K [0x0000000082800000, 0x0000000100000000)
  region size 1024K, 11 young (11264K), 4 survivors (4096K)
 Metaspace       used 94551K, committed 95552K, reserved 1179648K
  class space    used 13172K, committed 13632K, reserved 1048576K
GC Heap History (20 events):
Event: 5.465 GC heap before
{Heap before GC invocations=7 (full 0):
 garbage-first heap   total 58368K, used 43520K [0x0000000082800000, 0x0000000100000000)
  region size 1024K, 28 young (28672K), 4 survivors (4096K)
 Metaspace       used 35460K, committed 35968K, reserved 1114112K
  class space    used 4448K, committed 4672K, reserved 1048576K
}
Event: 5.472 GC heap after
{Heap after GC invocations=8 (full 0):
 garbage-first heap   total 70656K, used 23239K [0x0000000082800000, 0x0000000100000000)
  region size 1024K, 2 young (2048K), 2 survivors (2048K)
 Metaspace       used 35460K, committed 35968K, reserved 1114112K
  class space    used 4448K, committed 4672K, reserved 1048576K
}
Event: 6.708 GC heap before
{Heap before GC invocations=9 (full 0):
 garbage-first heap   total 70656K, used 58055K [0x0000000082800000, 0x0000000100000000)
  region size 1024K, 36 young (36864K), 2 survivors (2048K)
 Metaspace       used 45124K, committed 45696K, reserved 1114112K
  class space    used 5880K, committed 6144K, reserved 1048576K
}
Event: 6.714 GC heap after
{Heap after GC invocations=10 (full 0):
 garbage-first heap   total 70656K, used 25265K [0x0000000082800000, 0x0000000100000000)
  region size 1024K, 4 young (4096K), 4 survivors (4096K)
 Metaspace       used 45124K, committed 45696K, reserved 1114112K
  class space    used 5880K, committed 6144K, reserved 1048576K
}
Event: 7.736 GC heap before
{Heap before GC invocations=10 (full 0):
 garbage-first heap   total 70656K, used 59057K [0x0000000082800000, 0x0000000100000000)
  region size 1024K, 38 young (38912K), 4 survivors (4096K)
 Metaspace       used 54581K, committed 55168K, reserved 1114112K
  class space    used 7282K, committed 7552K, reserved 1048576K
}
Event: 7.743 GC heap after
{Heap after GC invocations=11 (full 0):
 garbage-first heap   total 70656K, used 27169K [0x0000000082800000, 0x0000000100000000)
  region size 1024K, 5 young (5120K), 5 survivors (5120K)
 Metaspace       used 54581K, committed 55168K, reserved 1114112K
  class space    used 7282K, committed 7552K, reserved 1048576K
}
Event: 8.429 GC heap before
{Heap before GC invocations=11 (full 0):
 garbage-first heap   total 70656K, used 51745K [0x0000000082800000, 0x0000000100000000)
  region size 1024K, 30 young (30720K), 5 survivors (5120K)
 Metaspace       used 59996K, committed 60608K, reserved 1114112K
  class space    used 8026K, committed 8320K, reserved 1048576K
}
Event: 8.438 GC heap after
{Heap after GC invocations=12 (full 0):
 garbage-first heap   total 70656K, used 29198K [0x0000000082800000, 0x0000000100000000)
  region size 1024K, 5 young (5120K), 5 survivors (5120K)
 Metaspace       used 59996K, committed 60608K, reserved 1114112K
  class space    used 8026K, committed 8320K, reserved 1048576K
}
Event: 9.255 GC heap before
{Heap before GC invocations=13 (full 0):
 garbage-first heap   total 70656K, used 59918K [0x0000000082800000, 0x0000000100000000)
  region size 1024K, 35 young (35840K), 5 survivors (5120K)
 Metaspace       used 63999K, committed 64768K, reserved 1114112K
  class space    used 8691K, committed 9024K, reserved 1048576K
}
Event: 9.264 GC heap after
{Heap after GC invocations=14 (full 0):
 garbage-first heap   total 70656K, used 31908K [0x0000000082800000, 0x0000000100000000)
  region size 1024K, 5 young (5120K), 5 survivors (5120K)
 Metaspace       used 63999K, committed 64768K, reserved 1114112K
  class space    used 8691K, committed 9024K, reserved 1048576K
}
Event: 10.007 GC heap before
{Heap before GC invocations=14 (full 0):
 garbage-first heap   total 70656K, used 60580K [0x0000000082800000, 0x0000000100000000)
  region size 1024K, 33 young (33792K), 5 survivors (5120K)
 Metaspace       used 67836K, committed 68608K, reserved 1114112K
  class space    used 9265K, committed 9600K, reserved 1048576K
}
Event: 10.018 GC heap after
{Heap after GC invocations=15 (full 0):
 garbage-first heap   total 70656K, used 34150K [0x0000000082800000, 0x0000000100000000)
  region size 1024K, 3 young (3072K), 3 survivors (3072K)
 Metaspace       used 67836K, committed 68608K, reserved 1114112K
  class space    used 9265K, committed 9600K, reserved 1048576K
}
Event: 10.710 GC heap before
{Heap before GC invocations=15 (full 0):
 garbage-first heap   total 70656K, used 62822K [0x0000000082800000, 0x0000000100000000)
  region size 1024K, 31 young (31744K), 3 survivors (3072K)
 Metaspace       used 71634K, committed 72576K, reserved 1114112K
  class space    used 9763K, committed 10176K, reserved 1048576K
}
Event: 10.717 GC heap after
{Heap after GC invocations=16 (full 0):
 garbage-first heap   total 70656K, used 37419K [0x0000000082800000, 0x0000000100000000)
  region size 1024K, 4 young (4096K), 4 survivors (4096K)
 Metaspace       used 71634K, committed 72576K, reserved 1114112K
  class space    used 9763K, committed 10176K, reserved 1048576K
}
Event: 12.630 GC heap before
{Heap before GC invocations=16 (full 0):
 garbage-first heap   total 70656K, used 59947K [0x0000000082800000, 0x0000000100000000)
  region size 1024K, 27 young (27648K), 4 survivors (4096K)
 Metaspace       used 78419K, committed 79360K, reserved 1179648K
  class space    used 10743K, committed 11200K, reserved 1048576K
}
Event: 12.637 GC heap after
{Heap after GC invocations=17 (full 0):
 garbage-first heap   total 70656K, used 41804K [0x0000000082800000, 0x0000000100000000)
  region size 1024K, 4 young (4096K), 4 survivors (4096K)
 Metaspace       used 78419K, committed 79360K, reserved 1179648K
  class space    used 10743K, committed 11200K, reserved 1048576K
}
Event: 13.081 GC heap before
{Heap before GC invocations=18 (full 0):
 garbage-first heap   total 75776K, used 60236K [0x0000000082800000, 0x0000000100000000)
  region size 1024K, 23 young (23552K), 4 survivors (4096K)
 Metaspace       used 85674K, committed 86720K, reserved 1179648K
  class space    used 11779K, committed 12224K, reserved 1048576K
}
Event: 13.090 GC heap after
{Heap after GC invocations=19 (full 0):
 garbage-first heap   total 75776K, used 44392K [0x0000000082800000, 0x0000000100000000)
  region size 1024K, 3 young (3072K), 3 survivors (3072K)
 Metaspace       used 85674K, committed 86720K, reserved 1179648K
  class space    used 11779K, committed 12224K, reserved 1048576K
}
Event: 14.084 GC heap before
{Heap before GC invocations=19 (full 0):
 garbage-first heap   total 75776K, used 65896K [0x0000000082800000, 0x0000000100000000)
  region size 1024K, 25 young (25600K), 3 survivors (3072K)
 Metaspace       used 92621K, committed 93632K, reserved 1179648K
  class space    used 12721K, committed 13184K, reserved 1048576K
}
Event: 14.091 GC heap after
{Heap after GC invocations=20 (full 0):
 garbage-first heap   total 91136K, used 46835K [0x0000000082800000, 0x0000000100000000)
  region size 1024K, 4 young (4096K), 4 survivors (4096K)
 Metaspace       used 92621K, committed 93632K, reserved 1179648K
  class space    used 12721K, committed 13184K, reserved 1048576K
}

